[debug] [2025-06-27T08:50:38.292Z] ----------------------------------------------------------------------
[debug] [2025-06-27T08:50:38.295Z] Command:       C:\nvm4w\nodejs\node.exe C:\nvm4w\nodejs\node_modules\firebase-tools\lib\bin\firebase.js init
[debug] [2025-06-27T08:50:38.295Z] CLI Version:   14.9.0
[debug] [2025-06-27T08:50:38.295Z] Platform:      win32
[debug] [2025-06-27T08:50:38.295Z] Node Version:  v23.7.0
[debug] [2025-06-27T08:50:38.295Z] Time:          Fri Jun 27 2025 15:50:38 GMT+0700 (Indochina Time)
[debug] [2025-06-27T08:50:38.295Z] ----------------------------------------------------------------------
[debug] 
[debug] [2025-06-27T08:50:38.299Z] > command requires scopes: ["email","openid","https://www.googleapis.com/auth/cloudplatformprojects.readonly","https://www.googleapis.com/auth/firebase","https://www.googleapis.com/auth/cloud-platform"]
[debug] [2025-06-27T08:50:38.300Z] > authorizing via signed-in user (giaphu480@gmail.com)
[info] 
     ######## #### ########  ######## ########     ###     ######  ########
     ##        ##  ##     ## ##       ##     ##  ##   ##  ##       ##
     ######    ##  ########  ######   ########  #########  ######  ######
     ##        ##  ##    ##  ##       ##     ## ##     ##       ## ##
     ##       #### ##     ## ######## ########  ##     ##  ######  ########

You're about to initialize a Firebase project in this directory:

  D:\Code\psy-ai

[debug] [2025-06-27T08:51:22.209Z] ExitPromptError: User force closed the prompt with SIGINT
    at Interface.sigint (C:\Users\hyakk\AppData\Local\nvm\v23.7.0\node_modules\firebase-tools\node_modules\@inquirer\core\dist\commonjs\lib\create-prompt.js:101:37)
    at Interface.emit (node:events:507:28)
    at Interface.emit (node:domain:489:12)
    at [_ttyWrite] [as _ttyWrite] (node:internal/readline/interface:1125:18)
    at ReadStream.onkeypress (node:internal/readline/interface:264:20)
    at ReadStream.emit (node:events:519:35)
    at ReadStream.emit (node:domain:489:12)
    at emitKeys (node:internal/readline/utils:370:14)
    at emitKeys.next (<anonymous>)
    at ReadStream.onData (node:internal/readline/emitKeypressEvents:64:36)
[error] 
[error] Error: An unexpected error has occurred.
